This is pdfTeX, Version 3.14159265-2.6-1.40.17 (TeX Live 2016/MacPorts 2016_6) (preloaded format=pdflatex 2017.1.5)  10 JUL 2023 10:35
entering extended mode
 restricted \write18 enabled.
 %&-line parsing enabled.
**ms.tex
(./ms.tex
LaTeX2e <2016/03/31>
Babel <3.9r> and hyphenation patterns for 47 language(s) loaded.
(./aastex631.cls
Document Class: aastex631 2020/12/20 Version 6.3.1d/AAS markup document class
Class aastex Info: 
 
 Original \LaTeX2.09 style by Chris Biemesderfer (chris@seagoat.com). 
 Adapted to \LaTeXe by A. Ogawa (ogawa@teleport.com)
 emulateapj.cls included, Copyright 2000-2015 Alexey Vikhlinin 
 Rewrite and update of emulateapj.cls, revised and enhanced with table macros, 
gridlines, draft watermark,
 track changes, new `modern' style and much more, by Amy Hendrickson,
 (amyh@texnology.com, http://www.texnology.com) 
 
  on input line 106.
\bibbaselineskip=\skip41
(/usr/local/texlive/texmf-local/tex/latex/revtex/revtex4-1.cls
Document Class: revtex4-1 2010/07/25/20:33:00 4.1r (http://publish.aps.org/revt
ex4/ for documentation)
 Copyright (c) 2009 The American Physical Society.
 mailto:revtex@aps.org
 Licensed under the LPPL:
http://www.ctan.org/tex-archive/macros/latex/base/lppl.txt
 Arthur Ogawa <arthur_ogawa at sbcglobal dot net>
 Based on work by David Carlisle <david at dcarlisle.demon.co.uk>.
ltxutil[2010/07/25/20:33:00 4.1r utilities package (portions licensed from W. E
. Baxter web at superscript.com)]
LaTeX Info: Redefining \@centercr on input line 308.
Class revtex4-1 Info: Repairing broken LaTeX eqnarray on input line 358.
\eqncolsep=\skip42
Class revtex4-1 Info: Repairing hyperref-unfriendly LaTeX definition of \mpfoot
note on input line 433.
Class revtex4-1 Info: Repairing broken LateX \@sect on input line 755.
\intertabularlinepenalty=\count79
\@tbpen=\count80
\@arstrutbox@hline=\box26
Class revtex4-1 Info: Repairing broken LaTeX \@xbitor on input line 1786.
Class revtex4-1 Info: Making \typeout \long on input line 2046.
ltxfront[2010/07/25/20:33:00 4.1r frontmatter package (AO,DPC)]
\c@affil=\count81
\c@collab=\count82
\absbox=\box27
ltxgrid[2010/07/25/20:33:00 4.1r page grid package (portions licensed from W. E
. Baxter web at superscript.com)]
\c@linecount=\count83
\output@latex=\toks14
\box@size@1=\box28
\box@size@2=\box29
\@protection@box=\box30
\@topmark@saved=\toks15
\footins@saved=\box31
\footins@recovered=\box32
\column@recovered=\box33
\pagesofar=\box34
\footsofar=\box35
\pagegrid@col=\count84
Class revtex4-1 Info: Overriding \@vspace, \@vspacer, \@no@pgbk, \@newline, and
 \\  on input line 5578.
\c@part=\count85
\c@section=\count86
\c@subsection=\count87
\c@subsubsection=\count88
\c@paragraph=\count89
\c@subparagraph=\count90
\abovecaptionskip=\skip43
\belowcaptionskip=\skip44
\c@figure=\count91
\fbox@1=\box36
\c@table=\count92
\fbox@2=\box37
\c@video=\count93
\fbox@4=\box38
\@bibdataout=\write3
\widetext@top=\box39
\widetext@bot=\box40
Class revtex4-1 Info: Selecting society aps on input line 7542.
(/usr/local/texlive/texmf-local/tex/latex/revtex/aps4-1.rtx
File: aps4-1 2010/07/25/20:33:00 4.1r (http://publish.aps.org/revtex4/ for docu
mentation)
Class revtex4-1 Info: RevTeX society APS selected on input line 31.
)
Class revtex4-1 Info: Selecting journal pra on input line 7544.
Class revtex4-1 Info: APS journal PRA selected on input line 7545.

(/usr/local/texlive/texmf-local/tex/latex/revtex/aps12pt4-1.rtx
File: aps12pt4-1 2010/07/25/20:33:00 4.1r (http://publish.aps.org/revtex4/ for 
documentation)
Class revtex4-1 Info: RevTeX pointsize 12pt selected on input line 30.
)
(/opt/local/share/texmf-texlive/tex/latex/textcase/textcase.sty
Package: textcase 2004/10/07 v0.07 Text only upper/lower case changing (DPC)
)
(/opt/local/share/texmf-texlive/tex/latex/url/url.sty
\Urlmuskip=\muskip10
Package: url 2013/09/16  ver 3.4  Verb mode for urls, etc.
)
(/opt/local/share/texmf-texlive/tex/latex/natbib/natbib.sty
Package: natbib 2010/09/13 8.31b (PWD, AO)
\bibhang=\skip45
\bibsep=\skip46
LaTeX Info: Redefining \cite on input line 694.
\c@NAT@ctr=\count94
)
Class revtex4-1 Info: Repairing natbib's \BibitemShut on input line 7549.

(/usr/local/texlive/texmf-local/tex/latex/revtex/revsymb4-1.sty
Package: revsymb4-1 2010/07/25/20:33:00 4.1r (http://publish.aps.org/revtex4/ f
or documentation)
LaTeX Info: Redefining \REV@mathfrak on input line 119.
))
(/opt/local/share/texmf-texlive/tex/latex/base/latexsym.sty
Package: latexsym 1998/08/17 v2.2e Standard LaTeX package (lasy symbols)
\symlasy=\mathgroup4
LaTeX Font Info:    Overwriting symbol font `lasy' in version `bold'
(Font)                  U/lasy/m/n --> U/lasy/b/n on input line 52.
)
(/opt/local/share/texmf-texlive/tex/latex/graphics/graphicx.sty
Package: graphicx 2014/10/28 v1.0g Enhanced LaTeX Graphics (DPC,SPQR)

(/opt/local/share/texmf-texlive/tex/latex/graphics/keyval.sty
Package: keyval 2014/10/28 v1.15 key=value parser (DPC)
\KV@toks@=\toks16
)
(/opt/local/share/texmf-texlive/tex/latex/graphics/graphics.sty
Package: graphics 2016/05/09 v1.0r Standard LaTeX Graphics (DPC,SPQR)

(/opt/local/share/texmf-texlive/tex/latex/graphics/trig.sty
Package: trig 2016/01/03 v1.10 sin cos tan (DPC)
)
(/opt/local/share/texmf-texlive/tex/latex/graphics-cfg/graphics.cfg
File: graphics.cfg 2016/01/02 v1.10 sample graphics configuration
)
Package graphics Info: Driver file: pdftex.def on input line 96.

(/opt/local/share/texmf-texlive/tex/latex/pdftex-def/pdftex.def
File: pdftex.def 2011/05/27 v0.06d Graphics/color for pdfTeX

(/opt/local/share/texmf-texlive/tex/generic/oberdiek/infwarerr.sty
Package: infwarerr 2016/05/16 v1.4 Providing info/warning/error messages (HO)
)
(/opt/local/share/texmf-texlive/tex/generic/oberdiek/ltxcmds.sty
Package: ltxcmds 2016/05/16 v1.23 LaTeX kernel commands for general use (HO)
)
\Gread@gobject=\count95
))
\Gin@req@height=\dimen102
\Gin@req@width=\dimen103
)
(/opt/local/share/texmf-texlive/tex/latex/amsfonts/amssymb.sty
Package: amssymb 2013/01/14 v3.01 AMS font symbols

(/opt/local/share/texmf-texlive/tex/latex/amsfonts/amsfonts.sty
Package: amsfonts 2013/01/14 v3.01 Basic AMSFonts support
\@emptytoks=\toks17
\symAMSa=\mathgroup5
\symAMSb=\mathgroup6
LaTeX Font Info:    Overwriting math alphabet `\mathfrak' in version `bold'
(Font)                  U/euf/m/n --> U/euf/b/n on input line 106.
LaTeX Info: Redefining \frak on input line 111.
LaTeX Info: Redefining \Bbb on input line 113.
))
(/opt/local/share/texmf-texlive/tex/generic/epsf/epsf.sty
This is `epsf.tex' v2.7.4 <14 February 2011>
\epsffilein=\read1
\epsfframemargin=\dimen104
\epsfframethickness=\dimen105
\epsfrsize=\dimen106
\epsftmp=\dimen107
\epsftsize=\dimen108
\epsfxsize=\dimen109
\epsfysize=\dimen110
\pspoints=\dimen111
)
\rptnum=\count96
\rptloopnum=\count97
\fncount=\count98
\endfncount=\count99
\c@front@matter@foot@note=\count100
\keys@width=\skip47
\c@lastfootnote=\count101
\tempsectnum=\count102
\ackbox=\box41
\c@remember@figure@num=\count103
\c@remember@table@num=\count104
\bibskip=\skip48
\bibindent=\dimen112
\plot@width=\skip49
\c@table@save=\count105
\@abovenoteskip=\dimen113
\table@note@skip=\skip50
\deluxe@table@width=\skip51
\@d@t@a=\skip52
\c@deluxe@table@num=\count106
\LTcapwidth=\dimen114
\abovedeluxetableskip=\skip53
\belowdeluxetableskip=\skip54
\lastrowheight=\dimen115
\DT@p@ftn=\toks18
\pt@column=\count107
\pt@ncol=\count108
 (/opt/local/share/texmf-texlive/tex/latex/tools/longtable.sty
Package: longtable 2014/10/28 v4.11 Multi-page Table package (DPC)
\LTleft=\skip55
\LTright=\skip56
\LTpre=\skip57
\LTpost=\skip58
\LTchunksize=\count109
\LTcapwidth=\dimen116
\LT@head=\box42
\LT@firsthead=\box43
\LT@foot=\box44
\LT@lastfoot=\box45
\LT@cols=\count110
\LT@rows=\count111
\c@LT@tables=\count112
\c@LT@chunks=\count113
\LT@p@ftn=\toks19
)
(/opt/local/share/texmf-texlive/tex/latex/xcolor/xcolor.sty
Package: xcolor 2016/05/11 v2.12 LaTeX color extensions (UK)

(/opt/local/share/texmf-texlive/tex/latex/graphics-cfg/color.cfg
File: color.cfg 2016/01/02 v1.6 sample color configuration
)
Package xcolor Info: Driver file: pdftex.def on input line 225.
Package xcolor Info: Model `cmy' substituted by `cmy0' on input line 1348.
Package xcolor Info: Model `hsb' substituted by `rgb' on input line 1352.
Package xcolor Info: Model `RGB' extended on input line 1364.
Package xcolor Info: Model `HTML' substituted by `rgb' on input line 1366.
Package xcolor Info: Model `Hsb' substituted by `hsb' on input line 1367.
Package xcolor Info: Model `tHsb' substituted by `hsb' on input line 1368.
Package xcolor Info: Model `HSB' substituted by `hsb' on input line 1369.
Package xcolor Info: Model `Gray' substituted by `gray' on input line 1370.
Package xcolor Info: Model `wave' substituted by `hsb' on input line 1371.
)
(/opt/local/share/texmf-texlive/tex/latex/hyperref/hyperref.sty
Package: hyperref 2016/05/05 v6.83n Hypertext links for LaTeX

(/opt/local/share/texmf-texlive/tex/generic/oberdiek/hobsub-hyperref.sty
Package: hobsub-hyperref 2016/05/16 v1.14 Bundle oberdiek, subset hyperref (HO)


(/opt/local/share/texmf-texlive/tex/generic/oberdiek/hobsub-generic.sty
Package: hobsub-generic 2016/05/16 v1.14 Bundle oberdiek, subset generic (HO)
Package: hobsub 2016/05/16 v1.14 Construct package bundles (HO)
Package hobsub Info: Skipping package `infwarerr' (already loaded).
Package hobsub Info: Skipping package `ltxcmds' (already loaded).
Package: ifluatex 2016/05/16 v1.4 Provides the ifluatex switch (HO)
Package ifluatex Info: LuaTeX not detected.
Package: ifvtex 2016/05/16 v1.6 Detect VTeX and its facilities (HO)
Package ifvtex Info: VTeX not detected.
Package: intcalc 2016/05/16 v1.2 Expandable calculations with integers (HO)
Package: ifpdf 2016/05/14 v3.1 Provides the ifpdf switch
Package: etexcmds 2016/05/16 v1.6 Avoid name clashes with e-TeX commands (HO)
Package etexcmds Info: Could not find \expanded.
(etexcmds)             That can mean that you are not using pdfTeX 1.50 or
(etexcmds)             that some package has redefined \expanded.
(etexcmds)             In the latter case, load this package earlier.
Package: kvsetkeys 2016/05/16 v1.17 Key value parser (HO)
Package: kvdefinekeys 2016/05/16 v1.4 Define keys (HO)
Package: pdftexcmds 2016/05/10 v0.21 Utility functions of pdfTeX for LuaTeX (HO
)
Package pdftexcmds Info: LuaTeX not detected.
Package pdftexcmds Info: \pdf@primitive is available.
Package pdftexcmds Info: \pdf@ifprimitive is available.
Package pdftexcmds Info: \pdfdraftmode found.
Package: pdfescape 2016/05/16 v1.14 Implements pdfTeX's escape features (HO)
Package: bigintcalc 2016/05/16 v1.4 Expandable calculations on big integers (HO
)
Package: bitset 2016/05/16 v1.2 Handle bit-vector datatype (HO)
Package: uniquecounter 2016/05/16 v1.3 Provide unlimited unique counter (HO)
)
Package hobsub Info: Skipping package `hobsub' (already loaded).
Package: letltxmacro 2016/05/16 v1.5 Let assignment for LaTeX macros (HO)
Package: hopatch 2016/05/16 v1.3 Wrapper for package hooks (HO)
Package: xcolor-patch 2016/05/16 xcolor patch
Package: atveryend 2016/05/16 v1.9 Hooks at the very end of document (HO)
Package: atbegshi 2016/05/16 v1.17 At begin shipout hook (HO)
Package: refcount 2016/05/16 v3.5 Data extraction from label references (HO)
Package: hycolor 2016/05/16 v1.8 Color options for hyperref/bookmark (HO)
)
(/opt/local/share/texmf-texlive/tex/generic/ifxetex/ifxetex.sty
Package: ifxetex 2010/09/12 v0.6 Provides ifxetex conditional
)
(/opt/local/share/texmf-texlive/tex/latex/oberdiek/auxhook.sty
Package: auxhook 2016/05/16 v1.4 Hooks for auxiliary files (HO)
)
(/opt/local/share/texmf-texlive/tex/latex/oberdiek/kvoptions.sty
Package: kvoptions 2016/05/16 v3.12 Key value format for package options (HO)
)
\@linkdim=\dimen117
\Hy@linkcounter=\count114
\Hy@pagecounter=\count115

(/opt/local/share/texmf-texlive/tex/latex/hyperref/pd1enc.def
File: pd1enc.def 2016/05/05 v6.83n Hyperref: PDFDocEncoding definition (HO)
)
\Hy@SavedSpaceFactor=\count116

(/opt/local/share/texmf-texlive/tex/latex/latexconfig/hyperref.cfg
File: hyperref.cfg 2002/06/06 v1.2 hyperref configuration of TeXLive
)
Package hyperref Info: Option `bookmarks' set `true' on input line 4322.
Package hyperref Info: Option `pdfnewwindow' set `true' on input line 4322.
Package hyperref Info: Option `colorlinks' set `true' on input line 4322.
Package hyperref Info: Option `final' set `true' on input line 4322.
Package hyperref Info: Hyper figures OFF on input line 4446.
Package hyperref Info: Link nesting OFF on input line 4451.
Package hyperref Info: Hyper index ON on input line 4454.
Package hyperref Info: Plain pages OFF on input line 4461.
Package hyperref Info: Backreferencing OFF on input line 4466.
Package hyperref Info: Implicit mode ON; LaTeX internals redefined.
Package hyperref Info: Bookmarks ON on input line 4691.
LaTeX Info: Redefining \href on input line 4955.
\c@Hy@tempcnt=\count117
LaTeX Info: Redefining \url on input line 5044.
\XeTeXLinkMargin=\dimen118
\Fld@menulength=\count118
\Field@Width=\dimen119
\Fld@charsize=\dimen120
Package hyperref Info: Hyper figures OFF on input line 6298.
Package hyperref Info: Link nesting OFF on input line 6303.
Package hyperref Info: Hyper index ON on input line 6306.
Package hyperref Info: backreferencing OFF on input line 6313.
Package hyperref Info: Link coloring ON on input line 6316.
Package hyperref Info: Link coloring with OCG OFF on input line 6323.
Package hyperref Info: PDF/A mode OFF on input line 6328.
LaTeX Info: Redefining \ref on input line 6368.
LaTeX Info: Redefining \pageref on input line 6372.
\Hy@abspage=\count119
\c@Item=\count120
\c@Hfootnote=\count121
)

Package hyperref Message: Driver (autodetected): hpdftex.

(/opt/local/share/texmf-texlive/tex/latex/hyperref/hpdftex.def
File: hpdftex.def 2016/05/05 v6.83n Hyperref driver for pdfTeX
\Fld@listcount=\count122
\c@bookmark@seq@number=\count123

(/opt/local/share/texmf-texlive/tex/latex/oberdiek/rerunfilecheck.sty
Package: rerunfilecheck 2016/05/16 v1.8 Rerun checks for auxiliary files (HO)
Package uniquecounter Info: New unique counter `rerunfilecheck' on input line 2
82.
)
\Hy@SectionHShift=\skip59
)
(/opt/local/share/texmf-texlive/tex/latex/tools/array.sty
Package: array 2014/10/28 v2.4c Tabular extension package (FMi)
\col@sep=\dimen121
\extrarowheight=\dimen122
\NC@list=\toks20
\extratabsurround=\skip60
\backup@length=\skip61
)
\colcount=\count124
\firstcolcount=\count125
\secondcolcount=\count126
\thirdcolcount=\count127
\columncount=\count128
\howmanyDs=\count129
\firsthowmanyDs=\count130
\secondhowmanyDs=\count131
\PartsOfTable=\count132
\columnoneandtwo=\count133
\colnumsused=\count134
\loopnum=\count135
\totalcolumncount=\count136
\totalcolumns=\count137
\firsttablebox=\box46
\secondtablebox=\box47
\thirdtablebox=\box48
\longtablebox=\box49
\splitbox=\box50
\movetabledown=\dimen123
\maxtablewidth=\dimen124
\savetabskip=\dimen125
\tempcounter=\count138
\colheadcount=\count139
\rotatetablebox=\box51
\colorcount=\count140
\editnum=\count141
\refchangenumber=\count142
\listchangenum=\count143

(/opt/local/share/texmf-texlive/tex/generic/ulem/ulem.sty
\UL@box=\box52
\UL@hyphenbox=\box53
\UL@skip=\skip62
\UL@hook=\toks21
\UL@height=\dimen126
\UL@pe=\count144
\UL@pixel=\dimen127
\ULC@box=\box54
Package: ulem 2012/05/18
\ULdepth=\dimen128
)
\entriesinthiscollab=\count145
\allentries=\count146
\AuthorCollaborationLimit=\count147
\largestAffilNum=\count148
\totalentries=\count149
\docollabnum=\count150
\tempauthornumber=\count151
\countauthors=\count152
\testnum=\count153
\tempauthorminusone=\count154
\affilnum=\count155
\c@affilcount=\count156
\numauthors=\count157
\collabnum=\count158
\collabnamebox=\box55
\widetext@top=\box56
\widetext@bot=\box57
\currwidth=\dimen129
\interactbox=\box58
\movetableright=\dimen130
) (./showyourwork.sty
Package: showyourwork 2022/01/12 Open source science articles
) (/opt/local/share/texmf-texlive/tex/latex/lineno/lineno.sty
Package: lineno 2005/11/02 line numbers on paragraphs v4.41
\linenopenalty=\count159
\output=\toks22
\linenoprevgraf=\count160
\linenumbersep=\dimen131
\linenumberwidth=\dimen132
\c@linenumber=\count161
\c@pagewiselinenumber=\count162
\c@LN@truepage=\count163
\c@internallinenumber=\count164
\c@internallinenumbers=\count165
\quotelinenumbersep=\dimen133
\bframerule=\dimen134
\bframesep=\dimen135
\bframebox=\box59
LaTeX Info: Redefining \\ on input line 3056.
)
Class revtex4-1 Info: Unrecognized array package. Please update this document c
lass! (Proceeding with fingers crossed.) on input line 7.
Class revtex4-1 Info: Patching unrecognized longtable package. (Proceeding with
 fingers crossed) on input line 7.
Class revtex4-1 Info: Robustifying \LaTeX's \boldmath command on input line 7.
Class revtex4-1 Info: cite was not loaded (OK!) on input line 7.
Class revtex4-1 Info: mcite was not loaded (OK!) on input line 7.
Class revtex4-1 Info: multicol was not loaded (OK!) on input line 7.
 (./ms.aux)
\openout1 = `ms.aux'.

LaTeX Font Info:    Checking defaults for OML/cmm/m/it on input line 7.
LaTeX Font Info:    ... okay on input line 7.
LaTeX Font Info:    Checking defaults for T1/cmr/m/n on input line 7.
LaTeX Font Info:    ... okay on input line 7.
LaTeX Font Info:    Checking defaults for OT1/cmr/m/n on input line 7.
LaTeX Font Info:    ... okay on input line 7.
LaTeX Font Info:    Checking defaults for OMS/cmsy/m/n on input line 7.
LaTeX Font Info:    ... okay on input line 7.
LaTeX Font Info:    Checking defaults for OMX/cmex/m/n on input line 7.
LaTeX Font Info:    ... okay on input line 7.
LaTeX Font Info:    Checking defaults for U/cmr/m/n on input line 7.
LaTeX Font Info:    ... okay on input line 7.
LaTeX Font Info:    Checking defaults for PD1/pdf/m/n on input line 7.
LaTeX Font Info:    ... okay on input line 7.

(/opt/local/share/texmf-texlive/tex/context/base/mkii/supp-pdf.mkii
[Loading MPS to PDF converter (version 2006.09.02).]
\scratchcounter=\count166
\scratchdimen=\dimen136
\scratchbox=\box60
\nofMPsegments=\count167
\nofMParguments=\count168
\everyMPshowfont=\toks23
\MPscratchCnt=\count169
\MPscratchDim=\dimen137
\MPnumerator=\count170
\makeMPintoPDFobject=\count171
\everyMPtoPDFconversion=\toks24
) (/opt/local/share/texmf-texlive/tex/latex/oberdiek/epstopdf-base.sty
Package: epstopdf-base 2016/05/15 v2.6 Base part for package epstopdf

(/opt/local/share/texmf-texlive/tex/latex/oberdiek/grfext.sty
Package: grfext 2016/05/16 v1.2 Manage graphics extensions (HO)
)
Package grfext Info: Graphics extension search list:
(grfext)             [.png,.pdf,.jpg,.mps,.jpeg,.jbig2,.jb2,.PNG,.PDF,.JPG,.JPE
G,.JBIG2,.JB2,.eps]
(grfext)             \AppendGraphicsExtensions on input line 456.

(/opt/local/share/texmf-texlive/tex/latex/latexconfig/epstopdf-sys.cfg
File: epstopdf-sys.cfg 2010/07/13 v1.3 Configuration of (r)epstopdf for TeX Liv
e
))
\AtBeginShipoutBox=\box61
Package hyperref Info: Link coloring ON on input line 7.

(/opt/local/share/texmf-texlive/tex/latex/hyperref/nameref.sty
Package: nameref 2012/10/27 v2.43 Cross-referencing by name of section

(/opt/local/share/texmf-texlive/tex/generic/oberdiek/gettitlestring.sty
Package: gettitlestring 2016/05/16 v1.5 Cleanup title references (HO)
)
\c@section@level=\count172
)
LaTeX Info: Redefining \ref on input line 7.
LaTeX Info: Redefining \pageref on input line 7.
LaTeX Info: Redefining \nameref on input line 7.

(./ms.out) (./ms.out)
\@outlinefile=\write4
\openout4 = `ms.out'.

Class revtex4-1 Info: Overriding lineo.sty, restoring output routine, on input 
line 7.
Class revtex4-1 Info: Line numbering not turned on yet on input line 7.
Class revtex4-1 Info: Overriding \@LN@LLerror on input line 7.
LaTeX Font Info:    Try loading font information for U+lasy on input line 18.
 (/opt/local/share/texmf-texlive/tex/latex/base/ulasy.fd
File: ulasy.fd 1998/08/17 v2.2e LaTeX symbol font definitions
)
LaTeX Font Info:    Try loading font information for U+msa on input line 18.

(/opt/local/share/texmf-texlive/tex/latex/amsfonts/umsa.fd
File: umsa.fd 2013/01/14 v3.01 AMS symbols A
)
LaTeX Font Info:    Try loading font information for U+msb on input line 18.

(/opt/local/share/texmf-texlive/tex/latex/amsfonts/umsb.fd
File: umsb.fd 2013/01/14 v3.01 AMS symbols B
) [1{/opt/local/var/db/texmf/fonts/map/pdftex/updmap/pdftex.map}]
<orcid-ID.png, id=45, 220.825pt x 220.825pt>
File: orcid-ID.png Graphic file (type png)
 <use orcid-ID.png>
Package pdftex.def Info: orcid-ID.png used on input line 44.
(pdftex.def)             Requested size: 9.0pt x 8.99997pt.
File: orcid-ID.png Graphic file (type png)

<use orcid-ID.png>
Package pdftex.def Info: orcid-ID.png used on input line 44.
(pdftex.def)             Requested size: 9.0pt x 8.99997pt.
File: orcid-ID.png Graphic file (type png)
 <use orcid-ID.png>
Package pdftex.def Info: orcid-ID.png used on input line 44.
(pdftex.def)             Requested size: 9.0pt x 8.99997pt.
 [2 <./orcid-ID.png>] [3]
Overfull \hbox (15.24416pt too wide) in paragraph at lines 64--64
[][]| [] [][][]| 
 []

<figures/motion_on_detector_Mab.png, id=180, 397.485pt x 578.16pt>
File: figures/motion_on_detector_Mab.png Graphic file (type png)

<use figures/motion_on_detector_Mab.png>
Package pdftex.def Info: figures/motion_on_detector_Mab.png used on input line 
71.
(pdftex.def)             Requested size: 256.55872pt x 373.18823pt.

<figures/detection_images_Mab.png, id=181, 397.485pt x 578.16pt>
File: figures/detection_images_Mab.png Graphic file (type png)

<use figures/detection_images_Mab.png>
Package pdftex.def Info: figures/detection_images_Mab.png used on input line 72
.
(pdftex.def)             Requested size: 256.55872pt x 373.18823pt.

Overfull \hbox (2.43333pt too wide) in paragraph at lines 71--73
[][] [] 
 []

[4] [5 <./figures/motion_on_detector_Mab.png> <./figures/detection_images_Mab.p
ng>]
Overfull \hbox (15.24416pt too wide) in paragraph at lines 95--95
[][]| [] [][][]| 
 []

<figures/expected_position_urh_Mab_oneframe.png, id=225, 578.16pt x 578.16pt>
File: figures/expected_position_urh_Mab_oneframe.png Graphic file (type png)

<use figures/expected_position_urh_Mab_oneframe.png>
Package pdftex.def Info: figures/expected_position_urh_Mab_oneframe.png used on
 input line 98.
(pdftex.def)             Requested size: 256.55872pt x 256.55257pt.

<figures/expected_position_urh_Mab.png, id=226, 578.16pt x 578.16pt>
File: figures/expected_position_urh_Mab.png Graphic file (type png)

<use figures/expected_position_urh_Mab.png>
Package pdftex.def Info: figures/expected_position_urh_Mab.png used on input li
ne 99.
(pdftex.def)             Requested size: 256.55872pt x 256.55257pt.

Overfull \hbox (2.43333pt too wide) in paragraph at lines 98--100
[][] [] 
 []

[6]
Overfull \hbox (15.24416pt too wide) in paragraph at lines 119--119
[][]| [] [][][]| 
 []


LaTeX Warning: Reference `tab:color' on page 7 undefined on input line 119.


LaTeX Warning: Reference `tab:color' on page 7 undefined on input line 126.


Overfull \vbox (17.80292pt too high) has occurred while \output is active []


[7 <./figures/expected_position_urh_Mab_oneframe.png> <./figures/expected_posit
ion_urh_Mab.png>]
<figures/reflectance_spectrum.png, id=270, 578.16pt x 433.62pt>
File: figures/reflectance_spectrum.png Graphic file (type png)

<use figures/reflectance_spectrum.png>
Package pdftex.def Info: figures/reflectance_spectrum.png used on input line 13
0.
(pdftex.def)             Requested size: 359.18063pt x 269.38417pt.
 [8 <./figures/reflectance_spectrum.png>]
Overfull \hbox (15.24416pt too wide) in paragraph at lines 203--203
[][]| [] [][][]| 
 []


Overfull \hbox (15.24416pt too wide) in paragraph at lines 203--203
[][]| [] [][][]| 
 []

[9]
Overfull \hbox (15.24416pt too wide) in paragraph at lines 222--222
[][]| [] [][][]| 
 []


Overfull \vbox (7.04564pt too high) has occurred while \output is active []


[10] <figures/random_stack_experiment_Mab_H.png, id=399, 867.24pt x 578.16pt>
File: figures/random_stack_experiment_Mab_H.png Graphic file (type png)

<use figures/random_stack_experiment_Mab_H.png>
Package pdftex.def Info: figures/random_stack_experiment_Mab_H.png used on inpu
t line 225.
(pdftex.def)             Requested size: 513.11743pt x 342.09068pt.
pdfTeX warning (ext4): destination with the same identifier (name{figure.1}) ha
s been already used, duplicate ignored
<to be read again> 
                   \relax 
l.226 ...are demarcated with a black dashed line.}
                                                  pdfTeX warning (ext4): destin
ation with the same identifier (name{figure.1}) has been already used, duplicat
e ignored
<to be read again> 
                   \relax 
l.226 ...are demarcated with a black dashed line.}
                                                  
<figures/random_stack_experiment_Mab_K.png, id=402, 867.24pt x 578.16pt>
File: figures/random_stack_experiment_Mab_K.png Graphic file (type png)

<use figures/random_stack_experiment_Mab_K.png>
Package pdftex.def Info: figures/random_stack_experiment_Mab_K.png used on inpu
t line 232.
(pdftex.def)             Requested size: 513.11743pt x 342.09068pt.
pdfTeX warning (ext4): destination with the same identifier (name{figure.2}) ha
s been already used, duplicate ignored
<to be read again> 
                   \relax 
l.233 ...ref{fig:randomstack} for a description. }
                                                  pdfTeX warning (ext4): destin
ation with the same identifier (name{figure.2}) has been already used, duplicat
e ignored
<to be read again> 
                   \relax 
l.233 ...ref{fig:randomstack} for a description. }
                                                   (./ms.bbl
Missing character: There is no Å in font cmr10!
Missing character: There is no ‘ in font cmr10!
 [11] [12 <./figures/random_stack_experiment_Mab_H.png>] [13 <./figures/random_
stack_experiment_Mab_K.png>]) [14]
Package atveryend Info: Empty hook `AfterLastShipout' on input line 243.
 (./ms.aux)
Package atveryend Info: Executing hook `AtVeryEndDocument' on input line 243.
Package atveryend Info: Executing hook `AtEndAfterFileList' on input line 243.
Package rerunfilecheck Info: File `ms.out' has not changed.
(rerunfilecheck)             Checksum: A2EDB1A0E1DE45317908F0BF3BC6C85A;392.


LaTeX Warning: There were undefined references.


LaTeX Warning: Label(s) may have changed. Rerun to get cross-references right .


 ) 
Here is how much of TeX's memory you used:
 9347 strings out of 494114
 131080 string characters out of 6155602
 280086 words of memory out of 5000000
 12522 multiletter control sequences out of 15000+600000
 16810 words of font info for 67 fonts, out of 8000000 for 9000
 430 hyphenation exceptions out of 8191
 36i,8n,37p,2504b,614s stack positions out of 5000i,500n,10000p,200000b,80000s
</opt/local/share/texmf-texlive/fonts/type1/public/amsfonts/cm/cmbx10.pfb></o
pt/local/share/texmf-texlive/fonts/type1/public/amsfonts/cm/cmbx12.pfb></opt/lo
cal/share/texmf-texlive/fonts/type1/public/amsfonts/cm/cmcsc10.pfb></opt/local/
share/texmf-texlive/fonts/type1/public/amsfonts/cm/cmmi10.pfb></opt/local/share
/texmf-texlive/fonts/type1/public/amsfonts/cm/cmmi12.pfb></opt/local/share/texm
f-texlive/fonts/type1/public/amsfonts/cm/cmmi8.pfb></opt/local/share/texmf-texl
ive/fonts/type1/public/amsfonts/cm/cmr10.pfb></opt/local/share/texmf-texlive/fo
nts/type1/public/amsfonts/cm/cmr12.pfb></opt/local/share/texmf-texlive/fonts/ty
pe1/public/amsfonts/cm/cmr7.pfb></opt/local/share/texmf-texlive/fonts/type1/pub
lic/amsfonts/cm/cmr8.pfb></opt/local/share/texmf-texlive/fonts/type1/public/ams
fonts/cm/cmss8.pfb></opt/local/share/texmf-texlive/fonts/type1/public/amsfonts/
cm/cmsy10.pfb></opt/local/share/texmf-texlive/fonts/type1/public/amsfonts/cm/cm
sy8.pfb></opt/local/share/texmf-texlive/fonts/type1/public/amsfonts/cm/cmti10.p
fb></opt/local/share/texmf-texlive/fonts/type1/public/amsfonts/cm/cmti12.pfb></
opt/local/share/texmf-texlive/fonts/type1/public/amsfonts/cm/cmtt12.pfb></opt/l
ocal/share/texmf-texlive/fonts/type1/public/amsfonts/symbols/msam10.pfb>
Output written on ms.pdf (14 pages, 1810748 bytes).
PDF statistics:
 551 PDF objects out of 1000 (max. 8388607)
 484 compressed objects within 5 object streams
 88 named destinations out of 1000 (max. 500000)
 97 words of extra memory for PDF output out of 10000 (max. 10000000)

